<?xml version="1.0" encoding="UTF-8"?>
<!-- Generated by org.testng.reporters.JUnitReportReporter -->
<testsuite hostname="DESKTOP-9TT09F0" failures="0" tests="1" name="bookshelfAutomationTest.mainTest" time="113.219" errors="0" timestamp="2021-03-11T15:20:42 IST" skipped="0">
  <testcase classname="bookshelfAutomationTest.mainTest" name="test" time="113.219"/>
  <system-out>

The title of the Page: Furniture Online: @Upto 40% Off on Wooden Furniture Online in India at Best Price - Urban Ladder 
The price of the first three bookshelves below Rs.15000: Austen Bookshelf/Display Unit: Rs.10399 Austen Bookshelf/Display Unit: Rs.10399 Tetris Side Bookshelf/Display Unit: Rs.6799 
The submenu list from 'Being at home' column: Study Chairs Study Tables Study Lamps Study Sets Sofa Beds Accent Chairs Loveseats Floor Lamps Day Beds Balcony Tables Balcony Swings Balcony Chairs Ottomans 
The price of the first three study chair Dorsey Study Chair: Rs.4124 Mika Study Chair: Rs.10879 Galen Study Chair: Rs.7699 
The error message appeared for invalid e-mail: Please include an '@' in the email address. 'Ramgmail.com' is missing an '@'.
  </system-out>
</testsuite> <!-- bookshelfAutomationTest.mainTest -->
